<?xml version="1.0" encoding="UTF-8"?>
<!-- Generated by org.testng.reporters.JUnitReportReporter -->
<testsuite skipped="0" hostname="DESKTOP-4AKNTE7" name="PMN.Abc" tests="1" failures="0" timestamp="10 Aug 2022 13:45:38 GMT" time="29.386" errors="0">
  <testcase name="amazon" time="29.386" classname="PMN.Abc"/>
</testsuite> <!-- PMN.Abc -->
